<?xml version="1.0" encoding="UTF-8"?>
<!-- Generated by org.testng.reporters.JUnitReportReporter -->
<testsuite hostname="LAPTOP-6I2ERQM6" failures="0" tests="4" name="testclass.Batchno2" time="0.012" errors="0" timestamp="2023-05-01T16:26:11 IST" skipped="0">
  <testcase classname="testclass.Batchno2" name="testB" time="0.001"/>
  <system-out/>
  <testcase classname="testclass.Batchno2" name="testC" time="0.002"/>
  <system-out/>
  <testcase classname="testclass.Batchno2" name="testA" time="0.007"/>
  <system-out/>
  <testcase classname="testclass.Batchno2" name="testD" time="0.002"/>
  <system-out/>
</testsuite> <!-- testclass.Batchno2 -->
