<?xml version="1.0" encoding="UTF-8"?>
<!-- Generated by org.testng.reporters.JUnitReportReporter -->
<testsuite hostname="LAPTOP-6I2ERQM6" failures="0" tests="4" name="tests.VerificationofHeader" time="26.448" errors="0" timestamp="2023-05-16T12:33:28 IST" skipped="0">
  <testcase classname="tests.VerificationofHeader" name="Toverifythetask" time="7.261"/>
  <system-out/>
  <testcase classname="tests.VerificationofHeader" name="testD" time="6.592"/>
  <system-out/>
  <testcase classname="tests.VerificationofHeader" name="testC" time="7.778"/>
  <system-out/>
  <testcase classname="tests.VerificationofHeader" name="toverifytimetrack" time="4.817"/>
  <system-out/>
</testsuite> <!-- tests.VerificationofHeader -->
