<?xml version="1.0" encoding="UTF-8"?>
<!-- Generated by org.testng.reporters.JUnitReportReporter -->
<testsuite hostname="LAPTOP-6I2ERQM6" failures="0" tests="5" name="testclass.VerificationofHeader" time="0.000" errors="0" timestamp="2023-05-04T00:25:19 IST" skipped="5">
  <testcase classname="testclass.VerificationofHeader" name="testA" time="0.000">
    <skipped/>
  </testcase> <!-- testA -->
  <system-out/>
  <testcase classname="testclass.VerificationofHeader" name="testA" time="0.000">
    <skipped/>
  </testcase> <!-- testA -->
  <system-out/>
  <testcase classname="testclass.VerificationofHeader" name="testC" time="0.000">
    <skipped/>
  </testcase> <!-- testC -->
  <system-out/>
  <testcase classname="testclass.VerificationofHeader" name="testB" time="0.000">
    <skipped/>
  </testcase> <!-- testB -->
  <system-out/>
  <testcase classname="testclass.VerificationofHeader" name="testD" time="0.000">
    <skipped/>
  </testcase> <!-- testD -->
  <system-out/>
</testsuite> <!-- testclass.VerificationofHeader -->
