<?xml version="1.0" encoding="UTF-8"?>
<!-- Generated by org.testng.reporters.JUnitReportReporter -->
<testsuite hostname="LAPTOP-6I2ERQM6" failures="0" tests="8" name="testclass.Batchno1" time="0.021" errors="0" timestamp="2023-05-04T00:18:37 IST" skipped="0">
  <testcase classname="testclass.Batchno1" name="testD" time="0.001"/>
  <system-out/>
  <testcase classname="testclass.Batchno1" name="testB" time="0.002"/>
  <system-out/>
  <testcase classname="testclass.Batchno1" name="testB" time="0.001"/>
  <system-out/>
  <testcase classname="testclass.Batchno1" name="testC" time="0.002"/>
  <system-out/>
  <testcase classname="testclass.Batchno1" name="testD" time="0.005"/>
  <system-out/>
  <testcase classname="testclass.Batchno1" name="testA" time="0.008"/>
  <system-out/>
  <testcase classname="testclass.Batchno1" name="testC" time="0.002"/>
  <system-out/>
  <testcase classname="testclass.Batchno1" name="testA" time="0.000"/>
  <system-out/>
</testsuite> <!-- testclass.Batchno1 -->
