<?xml version="1.0" encoding="UTF-8"?>
<!-- Generated by org.testng.reporters.JUnitReportReporter -->
<testsuite hostname="LAPTOP-6I2ERQM6" failures="0" tests="4" name="test123.TestClass" time="5.023" errors="0" timestamp="2023-04-18T15:38:02 IST" skipped="0">
  <testcase classname="test123.TestClass" name="testA" time="5.018"/>
  <system-out/>
  <testcase classname="test123.TestClass" name="testB" time="0.001"/>
  <system-out/>
  <testcase classname="test123.TestClass" name="testC" time="0.001"/>
  <system-out/>
  <testcase classname="test123.TestClass" name="testD" time="0.003"/>
  <system-out/>
</testsuite> <!-- test123.TestClass -->
